{
  "RSpec": {
    "coverage": {
      "/Users/alandelevie/micropurchase/config/environment.rb": [
        null,
        1,
        null,
        null,
        1
      ],
      "/Users/alandelevie/micropurchase/config/application.rb": [
        1,
        null,
        1,
        null,
        1,
        1,
        1,
        1,
        1,
        1,
        1,
        null,
        null,
        null,
        null,
        1,
        null,
        1,
        1,
        null,
        null,
        null,
        null,
        null,
        null,
        null,
        null,
        null,
        null,
        null,
        null,
        null,
        1,
        null,
        null
      ],
      "/Users/alandelevie/micropurchase/config/boot.rb": [
        1,
        null,
        1
      ],
      "/Users/alandelevie/micropurchase/config/environments/test.rb": [
        1,
        null,
        null,
        null,
        null,
        null,
        null,
        1,
        null,
        null,
        null,
        null,
        1,
        null,
        null,
        1,
        1,
        null,
        null,
        1,
        1,
        null,
        null,
        1,
        null,
        null,
        1,
        null,
        null,
        null,
        null,
        1,
        null,
        null,
        1,
        null,
        null,
        1,
        null,
        null,
        null,
        null
      ],
      "/Users/alandelevie/micropurchase/config/initializers/assets.rb": [
        null,
        null,
        null,
        1,
        null,
        null,
        null,
        null,
        null,
        null,
        null
      ],
      "/Users/alandelevie/micropurchase/config/initializers/backtrace_silencers.rb": [
        null,
        null,
        null,
        null,
        null,
        null,
        null
      ],
      "/Users/alandelevie/micropurchase/config/initializers/cookies_serializer.rb": [
        null,
        null,
        1
      ],
      "/Users/alandelevie/micropurchase/config/initializers/filter_parameter_logging.rb": [
        null,
        null,
        null,
        1
      ],
      "/Users/alandelevie/micropurchase/config/initializers/inflections.rb": [
        null,
        null,
        null,
        null,
        null,
        null,
        null,
        null,
        null,
        null,
        null,
        null,
        null,
        null,
        null,
        null
      ],
      "/Users/alandelevie/micropurchase/config/initializers/mime_types.rb": [
        null,
        null,
        null,
        null
      ],
      "/Users/alandelevie/micropurchase/config/initializers/omniauth.rb": [
        1,
        1,
        null,
        null,
        null
      ],
      "/Users/alandelevie/micropurchase/config/initializers/session_store.rb": [
        null,
        null,
        1
      ],
      "/Users/alandelevie/micropurchase/config/initializers/wrap_parameters.rb": [
        null,
        null,
        null,
        null,
        null,
        null,
        1,
        1,
        null,
        null,
        null,
        null,
        null,
        null
      ],
      "/Users/alandelevie/micropurchase/config/routes.rb": [
        1,
        1,
        null,
        1,
        1,
        null,
        null,
        1,
        1,
        null,
        1,
        1,
        1,
        null
      ],
      "/Users/alandelevie/micropurchase/app/helpers/application_helper.rb": [
        1,
        null
      ],
      "/Users/alandelevie/micropurchase/app/helpers/logins_helper.rb": [
        1,
        null
      ],
      "/Users/alandelevie/micropurchase/app/controllers/auctions_controller.rb": [
        1,
        1,
        1,
        null,
        null
      ],
      "/Users/alandelevie/micropurchase/app/controllers/application_controller.rb": [
        1,
        null,
        null,
        1,
        1,
        null,
        1,
        1,
        null,
        null,
        1,
        8,
        8,
        8,
        null,
        null,
        1,
        2,
        2,
        null,
        null
      ],
      "/Users/alandelevie/micropurchase/app/models/unauthorized_error.rb": [
        1,
        null
      ],
      "/Users/alandelevie/micropurchase/app/controllers/authentications_controller.rb": [
        1,
        1,
        4,
        null,
        null,
        1,
        1,
        1,
        null,
        null
      ],
      "/Users/alandelevie/micropurchase/app/controllers/bids_controller.rb": [
        1,
        1,
        0,
        0,
        null,
        null,
        null,
        0,
        null,
        null,
        1,
        1,
        1,
        null,
        null,
        1,
        3,
        2,
        2,
        null,
        0,
        0,
        null,
        null
      ],
      "/Users/alandelevie/micropurchase/app/controllers/logins_controller.rb": [
        1,
        1,
        null,
        null
      ],
      "/Users/alandelevie/micropurchase/app/controllers/users_controller.rb": [
        1,
        1,
        3,
        2,
        null,
        null,
        1,
        5,
        null,
        4,
        3,
        null,
        2,
        null,
        2,
        null,
        null,
        null,
        1,
        null,
        1,
        2,
        null,
        null
      ],
      "/Users/alandelevie/micropurchase/app/models/admins.rb": [
        1,
        1,
        17,
        null,
        null,
        1,
        17,
        null,
        null,
        1,
        20,
        null,
        null,
        1,
        14,
        null,
        null
      ],
      "/Users/alandelevie/micropurchase/app/models/authenticator.rb": [
        1,
        1,
        null,
        1,
        12,
        12,
        12,
        12,
        null,
        null,
        1,
        null,
        1,
        12,
        null,
        null,
        1,
        12,
        null,
        null,
        null,
        null,
        1,
        12,
        null,
        null,
        1,
        12,
        null,
        null,
        1,
        12,
        null,
        null,
        1,
        8,
        null,
        null,
        1,
        12,
        null,
        null,
        null,
        null,
        1,
        32,
        null,
        null,
        1,
        12,
        null,
        null
      ],
      "/Users/alandelevie/micropurchase/app/models/place_bid.rb": [
        1,
        1,
        null,
        1,
        null,
        1,
        9,
        4,
        null,
        null,
        1,
        null,
        null,
        null,
        null,
        4,
        null,
        null,
        1,
        null,
        1,
        13,
        null,
        null,
        1,
        9,
        null,
        null,
        1,
        9,
        2,
        null,
        null,
        6,
        1,
        null,
        null,
        5,
        1,
        null,
        null,
        null,
        1,
        15,
        null,
        null
      ],
      "/Users/alandelevie/micropurchase/app/models/presenter/auction.rb": [
        1,
        1,
        1,
        10,
        null,
        null,
        1,
        0,
        null,
        null,
        1,
        0,
        null,
        null,
        1,
        4,
        null,
        null,
        1,
        null,
        11,
        9,
        11,
        null,
        null,
        null
      ],
      "/Users/alandelevie/micropurchase/app/models/auction.rb": [
        1,
        1,
        null
      ],
      "/Users/alandelevie/micropurchase/app/models/user.rb": [
        1,
        1,
        null
      ],
      "/Users/alandelevie/micropurchase/app/models/bid.rb": [
        1,
        1,
        1,
        null
      ]
    },
    "timestamp": 1445960264
  }
}
